INFO [2021-02-17 18:47:29] backup job started!
INFO [2021-02-17 18:47:30] _lastsave.txt backed up
INFO [2021-02-17 18:47:30] craft.txt backed up
INFO [2021-02-17 18:47:30] as.txt backed up
INFO [2021-02-17 18:47:30] b.txt backed up
INFO [2021-02-17 18:47:30] d.txt backed up
INFO [2021-02-17 18:47:30] craft.txt backed up
INFO [2021-02-17 18:47:30] m.txt backed up
INFO [2021-02-17 18:47:30] r.txt backed up
INFO [2021-02-17 18:47:30] craft.txt backed up
SUCCESS [2021-02-17 18:47:30] backup job completed!
INFO [2021-02-17 23:00:00] backup job started!
INFO [2021-02-17 23:00:01] _lastsave.txt backed up
INFO [2021-02-17 23:00:01] craft.txt backed up
INFO [2021-02-17 23:00:01] as.txt backed up
INFO [2021-02-17 23:00:01] b.txt backed up
INFO [2021-02-17 23:00:01] d.txt backed up
INFO [2021-02-17 23:00:01] craft.txt backed up
INFO [2021-02-17 23:00:01] m.txt backed up
INFO [2021-02-17 23:00:01] r.txt backed up
INFO [2021-02-17 23:00:01] craft.txt backed up
SUCCESS [2021-02-17 23:00:01] backup job completed!
INFO [2021-02-18 20:35:42] backup job started!
INFO [2021-02-18 20:35:43] _lastsave.txt backed up
INFO [2021-02-18 20:35:43] craft.txt backed up
INFO [2021-02-18 20:35:43] as.txt backed up
INFO [2021-02-18 20:35:43] b.txt backed up
INFO [2021-02-18 20:35:43] d.txt backed up
INFO [2021-02-18 20:35:43] craft.txt backed up
INFO [2021-02-18 20:35:43] m.txt backed up
INFO [2021-02-18 20:35:43] r.txt backed up
INFO [2021-02-18 20:35:43] craft.txt backed up
SUCCESS [2021-02-18 20:35:43] backup job completed!
INFO [2021-02-19 04:00:01] backup job started!
INFO [2021-02-19 04:00:02] _lastsave.txt backed up
INFO [2021-02-19 04:00:02] craft.txt backed up
INFO [2021-02-19 04:00:02] as.txt backed up
INFO [2021-02-19 04:00:02] b.txt backed up
INFO [2021-02-19 04:00:02] d.txt backed up
INFO [2021-02-19 04:00:02] craft.txt backed up
INFO [2021-02-19 04:00:02] m.txt backed up
INFO [2021-02-19 04:00:02] r.txt backed up
INFO [2021-02-19 04:00:02] craft.txt backed up
SUCCESS [2021-02-19 04:00:02] backup job completed!
INFO [2021-02-20 04:00:02] backup job started!
INFO [2021-02-20 04:00:02] _lastsave.txt backed up
INFO [2021-02-20 04:00:02] craft.txt backed up
INFO [2021-02-20 04:00:02] as.txt backed up
INFO [2021-02-20 04:00:02] b.txt backed up
INFO [2021-02-20 04:00:02] d.txt backed up
INFO [2021-02-20 04:00:02] craft.txt backed up
INFO [2021-02-20 04:00:02] m.txt backed up
INFO [2021-02-20 04:00:02] r.txt backed up
INFO [2021-02-20 04:00:02] craft.txt backed up
SUCCESS [2021-02-20 04:00:02] backup job completed!
INFO [2021-02-21 04:00:02] backup job started!
INFO [2021-02-21 04:00:02] _lastsave.txt backed up
INFO [2021-02-21 04:00:02] craft.txt backed up
INFO [2021-02-21 04:00:02] as.txt backed up
INFO [2021-02-21 04:00:02] b.txt backed up
INFO [2021-02-21 04:00:02] d.txt backed up
INFO [2021-02-21 04:00:02] craft.txt backed up
INFO [2021-02-21 04:00:02] m.txt backed up
INFO [2021-02-21 04:00:02] r.txt backed up
INFO [2021-02-21 04:00:02] craft.txt backed up
SUCCESS [2021-02-21 04:00:02] backup job completed!
